<?xml version="1.0" encoding="UTF-8"?>
<testsuite name="cloud.robinzon.backend.CalcApplicationTests" tests="1" skipped="0" failures="0" errors="0" timestamp="2024-03-01T05:46:11" hostname="fedora" time="1.352">
  <properties/>
  <testcase name="contextLoads()" classname="cloud.robinzon.backend.CalcApplicationTests" time="1.352"/>
  <system-out><![CDATA[12:46:09.646 [Test worker] INFO org.springframework.test.context.support.AnnotationConfigContextLoaderUtils -- Could not detect default configuration classes for test class [cloud.robinzon.backend.CalcApplicationTests]: CalcApplicationTests does not declare any static, non-private, non-final, nested classes annotated with @Configuration.
12:46:09.812 [Test worker] INFO org.springframework.boot.test.context.SpringBootTestContextBootstrapper -- Found @SpringBootConfiguration cloud.robinzon.backend.CalcApplication for test class cloud.robinzon.backend.CalcApplicationTests

  .   ____          _            __ _ _
 /\\ / ___'_ __ _ _(_)_ __  __ _ \ \ \ \
( ( )\___ | '_ | '_| | '_ \/ _` | \ \ \ \
 \\/  ___)| |_)| | | | | || (_| |  ) ) ) )
  '  |____| .__|_| |_|_| |_\__, | / / / /
 =========|_|==============|___/=/_/_/_/
 :: Spring Boot ::                (v3.2.3)

2024-03-01T12:46:10.460+07:00  INFO 223752 --- [    Test worker] c.robinzon.backend.CalcApplicationTests  : Starting CalcApplicationTests using Java 21.0.2 with PID 223752 (started by anton in /home/anton/git/robinzon/calc/backend)
2024-03-01T12:46:10.463+07:00  INFO 223752 --- [    Test worker] c.robinzon.backend.CalcApplicationTests  : No active profile set, falling back to 1 default profile: "default"
2024-03-01T12:46:11.389+07:00  INFO 223752 --- [    Test worker] c.robinzon.backend.CalcApplicationTests  : Started CalcApplicationTests in 1.339 seconds (process running for 3.349)
]]></system-out>
  <system-err><![CDATA[WARNING: A Java agent has been loaded dynamically (/home/anton/.gradle/caches/modules-2/files-2.1/net.bytebuddy/byte-buddy-agent/1.14.12/be4984cb6fd1ef1d11f218a648889dfda44b8a15/byte-buddy-agent-1.14.12.jar)
WARNING: If a serviceability tool is in use, please run with -XX:+EnableDynamicAgentLoading to hide this warning
WARNING: If a serviceability tool is not in use, please run with -Djdk.instrument.traceUsage for more information
WARNING: Dynamic loading of agents will be disallowed by default in a future release
]]></system-err>
</testsuite>
